<?xml version="1.0" encoding="UTF-8"?>
<!-- Generated by org.testng.reporters.JUnitReportReporter -->
<testsuite hostname="DESKTOP-TPSQLBC" failures="0" tests="3" name="aya.second" time="0.664" errors="0" timestamp="2023-12-11T23:44:18 EET" skipped="1">
  <testcase classname="aya.second" name="LoginTest" time="0.516"/>
  <system-out/>
  <testcase classname="aya.second" name="PrintTheNamesOfAllItems" time="0.148"/>
  <system-out/>
  <testcase classname="aya.second" name="PrintTheNameOFTheFirstITems">
    <skipped/>
  </testcase> <!-- PrintTheNameOFTheFirstITems -->
  <system-out/>
</testsuite> <!-- aya.second -->
